<?xml version="1.0" encoding="UTF-8"?>
<testng-results ignored="0" total="1" passed="1" failed="0" skipped="0">
  <reporter-output>
  </reporter-output>
  <suite started-at="2022-03-14T22:58:23 UYT" name="Surefire suite" finished-at="2022-03-14T22:58:23 UYT" duration-ms="84">
    <groups>
    </groups>
    <test started-at="2022-03-14T22:58:23 UYT" name="Surefire test" finished-at="2022-03-14T22:58:23 UYT" duration-ms="84">
      <class name="co.com.sofka.app.calculator.BasicCalculatorTest">
        <test-method signature="sum()[pri:0, instance:co.com.sofka.app.calculator.BasicCalculatorTest@22fcf7ab]" started-at="2022-03-14T22:58:23 UYT" name="sum" finished-at="2022-03-14T22:58:23 UYT" duration-ms="42" status="PASS">
          <reporter-output>
          </reporter-output>
        </test-method> <!-- sum -->
      </class> <!-- co.com.sofka.app.calculator.BasicCalculatorTest -->
    </test> <!-- Surefire test -->
  </suite> <!-- Surefire suite -->
</testng-results>
